<?xml version="1.0" encoding="UTF-8"?>
<testng-results ignored="0" total="1" passed="1" failed="0" skipped="0">
  <reporter-output>
  </reporter-output>
  <suite started-at="2022-05-30T13:48:32 IST" name="Default suite" finished-at="2022-05-30T13:48:33 IST" duration-ms="1399">
    <groups>
    </groups>
    <test started-at="2022-05-30T13:48:32 IST" name="Default test" finished-at="2022-05-30T13:48:33 IST" duration-ms="1399">
      <class name="Test1.TestsOnLocalAPI">
        <test-method signature="delete()[pri:0, instance:Test1.TestsOnLocalAPI@3d74bf60]" started-at="2022-05-30T13:48:32 IST" name="delete" finished-at="2022-05-30T13:48:33 IST" duration-ms="1358" status="PASS">
          <reporter-output>
          </reporter-output>
        </test-method> <!-- delete -->
      </class> <!-- Test1.TestsOnLocalAPI -->
    </test> <!-- Default test -->
  </suite> <!-- Default suite -->
</testng-results>
